<?xml version="1.0" encoding="UTF-8"?>
<robot generator="Robot 6.1.1 (Python 3.11.5 on win32)" generated="20231009 22:19:20.792" rpa="false" schemaversion="4">
<suite id="s1" name="OrderList" source="C:\TestQA\Twilight\rf-2023\kitchenbuddy-vn\OrderBuddy\OrderList.robot">
<test id="s1-t1" name="OrderBuddy_001: As an &quot;Administrator&quot;, I want to fetch customers orders in each table" line="21">
<kw name="As a &quot;Admin&quot; I want to open KitchenBuddy portal" library="KitchenBuddy" type="SETUP" sourcename="As a &quot;${ADMIN}&quot; I want to open KitchenBuddy portal">
<arg>${WEBURL}</arg>
<tag>openpage</tag>
<doc>this keyword ensures user is able to open kitchenbuddy portal</doc>
<kw name="New Browser" library="Browser">
<arg>${BROWSER}</arg>
<arg>headless=true</arg>
<arg>args=["--start-maximized"]</arg>
<tag>BrowserControl</tag>
<tag>Setter</tag>
<doc>Create a new playwright Browser with specified options.</doc>
<msg timestamp="20231009 22:19:21.800" level="INFO">{"browser": "chromium", "headless": true, "args": ["--start-maximized"], "chromiumSandbox": false, "devtools": false, "handleSIGHUP": true, "handleSIGINT": true, "handleSIGTERM": true, "slowMo": 0.0, "timeout": 30000.0, "tracesDir": "C:\\TestQA\\Twilight\\rf-2023\\kitchenbuddy-vn\\results\\browser\\traces\\5d1387a7-cf4e-4104-9e19-23bd9c22d31e"}</msg>
<msg timestamp="20231009 22:19:23.395" level="INFO">Successfully created browser with options: {"browser":"chromium","headless":true,"args":["--start-maximized"],"chromiumSandbox":false,"devtools":false,"handleSIGHUP":true,"handleSIGINT":true,"handleSIGTERM":true,"slowMo":0,"timeout":30000,"tracesDir":"C:\\TestQA\\Twilight\\rf-2023\\kitchenbuddy-vn\\results\\browser\\traces\\5d1387a7-cf4e-4104-9e19-23bd9c22d31e"}</msg>
<status status="PASS" starttime="20231009 22:19:21.799" endtime="20231009 22:19:23.395"/>
</kw>
<kw name="New Context" library="Browser">
<arg>viewport=${None}</arg>
<tag>BrowserControl</tag>
<tag>Setter</tag>
<doc>Create a new BrowserContext with specified options.</doc>
<msg timestamp="20231009 22:19:23.396" level="INFO">{
  "acceptDownloads": true,
  "bypassCSP": false,
  "forcedColors": "none",
  "hideRfBrowser": "",
  "ignoreHTTPSErrors": false,
  "javaScriptEnabled": true,
  "offline": false,
  "reducedMotion": "no-preference",
  "serviceWorkers": "allow",
  "viewport": null
}</msg>
<msg timestamp="20231009 22:19:23.414" level="INFO">Successfully created context. </msg>
<msg timestamp="20231009 22:19:23.414" level="INFO">{'acceptDownloads': True, 'bypassCSP': False, 'forcedColors': 'none', 'hideRfBrowser': '', 'ignoreHTTPSErrors': False, 'javaScriptEnabled': True, 'offline': False, 'reducedMotion': 'no-preference', 'serviceWorkers': 'allow', 'viewport': None}</msg>
<status status="PASS" starttime="20231009 22:19:23.395" endtime="20231009 22:19:23.414"/>
</kw>
<kw name="New Page" library="Browser">
<arg>${url}</arg>
<tag>BrowserControl</tag>
<tag>Setter</tag>
<doc>Open a new Page.</doc>
<msg timestamp="20231009 22:19:24.310" level="INFO">Successfully initialized new page object and opened url: https://www.waiterbuddy.nl/foodticket/cgi/admin.cgi?application=WA&amp;language=en</msg>
<status status="PASS" starttime="20231009 22:19:23.414" endtime="20231009 22:19:24.311"/>
</kw>
<kw name="Sleep" library="BuiltIn">
<arg>1s</arg>
<doc>Pauses the test executed for the given time.</doc>
<msg timestamp="20231009 22:19:25.312" level="INFO">Slept 1 second</msg>
<status status="PASS" starttime="20231009 22:19:24.311" endtime="20231009 22:19:25.312"/>
</kw>
<status status="PASS" starttime="20231009 22:19:21.799" endtime="20231009 22:19:25.312"/>
</kw>
<kw name="Submit user details" library="KitchenBuddy">
<arg>${GEBRUIKERSNAAM}</arg>
<arg>${WACHTWOORD}</arg>
<tag>login</tag>
<doc>this keyword ensures that authorized user is able to login to the portal.</doc>
<kw name="Fill data" library="KitchenBuddy">
<arg>${username}</arg>
<arg>${password}</arg>
<kw name="Fill Text" library="Browser">
<arg>[name="login"]</arg>
<arg>${username}</arg>
<tag>PageContent</tag>
<tag>Setter</tag>
<doc>Clears and fills the given ``txt`` into the text field found by ``selector``.</doc>
<msg timestamp="20231009 22:19:25.316" level="INFO">Fills the text 'amirdhamutrecht' in the given field.</msg>
<status status="PASS" starttime="20231009 22:19:25.316" endtime="20231009 22:19:25.372"/>
</kw>
<kw name="Fill Text" library="Browser">
<arg>[name="password"]</arg>
<arg>${password}</arg>
<tag>PageContent</tag>
<tag>Setter</tag>
<doc>Clears and fills the given ``txt`` into the text field found by ``selector``.</doc>
<msg timestamp="20231009 22:19:25.373" level="INFO">Fills the text 'wijzigen' in the given field.</msg>
<status status="PASS" starttime="20231009 22:19:25.372" endtime="20231009 22:19:25.392"/>
</kw>
<kw name="Click" library="Browser">
<arg>id=login-button</arg>
<tag>PageContent</tag>
<tag>Setter</tag>
<doc>Simulates mouse click on the element found by ``selector``.</doc>
<status status="PASS" starttime="20231009 22:19:25.392" endtime="20231009 22:19:27.224"/>
</kw>
<kw name="Sleep" library="BuiltIn">
<arg>1s</arg>
<doc>Pauses the test executed for the given time.</doc>
<msg timestamp="20231009 22:19:28.225" level="INFO">Slept 1 second</msg>
<status status="PASS" starttime="20231009 22:19:27.224" endtime="20231009 22:19:28.225"/>
</kw>
<status status="PASS" starttime="20231009 22:19:25.315" endtime="20231009 22:19:28.225"/>
</kw>
<kw name="Get Title" library="Browser">
<arg>==</arg>
<arg>OrderBuddy - Vegnation</arg>
<tag>Assertion</tag>
<tag>Getter</tag>
<tag>PageContent</tag>
<doc>Returns the title of the current page.</doc>
<msg timestamp="20231009 22:19:28.225" level="INFO">Title: 'OrderBuddy - Vegnation'</msg>
<status status="PASS" starttime="20231009 22:19:28.225" endtime="20231009 22:19:28.225"/>
</kw>
<kw name="Take Screenshot" library="Browser">
<tag>PageContent</tag>
<doc>Takes a screenshot of the current window or element and saves it to disk.</doc>
<msg timestamp="20231009 22:19:28.342" level="INFO" html="true">&lt;/td&gt;&lt;/tr&gt;&lt;tr&gt;&lt;td colspan="3"&gt;&lt;a href="browser/screenshot/robotframework-browser-screenshot-1.png" target="_blank"&gt;&lt;img src="browser/screenshot/robotframework-browser-screenshot-1.png" width="800px"/&gt;&lt;/a&gt;</msg>
<status status="PASS" starttime="20231009 22:19:28.225" endtime="20231009 22:19:28.342"/>
</kw>
<status status="PASS" starttime="20231009 22:19:25.314" endtime="20231009 22:19:28.342"/>
</kw>
<kw name="Navigate to Table menu item" library="KitchenBuddy">
<tag>tables</tag>
<kw name="Wait For Elements State" library="Browser">
<arg>button.tables</arg>
<arg>visible</arg>
<tag>PageContent</tag>
<tag>Wait</tag>
<doc>Waits for the element found by ``selector`` to satisfy state option.</doc>
<msg timestamp="20231009 22:19:28.358" level="INFO">Waited for Element with selector button.tables at state visible</msg>
<status status="PASS" starttime="20231009 22:19:28.343" endtime="20231009 22:19:28.358"/>
</kw>
<kw name="Click" library="Browser">
<arg>button.tables</arg>
<tag>PageContent</tag>
<tag>Setter</tag>
<doc>Simulates mouse click on the element found by ``selector``.</doc>
<status status="PASS" starttime="20231009 22:19:28.358" endtime="20231009 22:19:28.399"/>
</kw>
<kw name="Wait For Elements State" library="Browser">
<arg>div[table-id]:nth-child(2)</arg>
<arg>visible</arg>
<tag>PageContent</tag>
<tag>Wait</tag>
<doc>Waits for the element found by ``selector`` to satisfy state option.</doc>
<msg timestamp="20231009 22:19:28.619" level="INFO">Waited for Element with selector div[table-id]:nth-child(2) at state visible</msg>
<status status="PASS" starttime="20231009 22:19:28.399" endtime="20231009 22:19:28.619"/>
</kw>
<status status="PASS" starttime="20231009 22:19:28.343" endtime="20231009 22:19:28.619"/>
</kw>
<kw name="Fetch each table order details" library="KitchenBuddy">
<tag>read_tbale_item</tag>
<kw name="Check customers orders exists" library="KitchenBuddy">
<var>${info}</var>
<tag>check_orders_exists</tag>
<doc>this keyword ensures that check customers orders exists or not. there is not test failure if there were no orders!</doc>
<kw name="Run Keyword And Return Status" library="BuiltIn">
<var>${element_status}</var>
<arg>Get Element</arg>
<arg>div#kitchen-orders:has-text("There are no orders yet.")</arg>
<doc>Runs the given keyword with given arguments and returns the status as a Boolean value.</doc>
<kw name="Get Element" library="Browser">
<arg>div#kitchen-orders:has-text("There are no orders yet.")</arg>
<tag>Getter</tag>
<tag>PageContent</tag>
<doc>Returns a reference to a Playwright [https://playwright.dev/docs/api/class-locator|Locator].</doc>
<msg timestamp="20231009 22:19:38.710" level="INFO" html="true">&lt;/td&gt;&lt;/tr&gt;&lt;tr&gt;&lt;td colspan="3"&gt;&lt;a href="browser/screenshot/fail-screenshot-1.png" target="_blank"&gt;&lt;img src="browser/screenshot/fail-screenshot-1.png" width="800px"/&gt;&lt;/a&gt;</msg>
<msg timestamp="20231009 22:19:38.710" level="INFO">See also file:///C:/TestQA/Twilight/rf-2023/kitchenbuddy-vn/results/playwright-log.txt for additional details.</msg>
<msg timestamp="20231009 22:19:38.710" level="FAIL">TimeoutError: locator.waitFor: Timeout 10000ms exceeded.
=========================== logs ===========================
waiting for locator('div#kitchen-orders:has-text("There are no orders yet.")')
============================================================
Tip: Use "Set Browser Timeout" for increasing the timeout or double check your locator as the targeted element(s) couldn't be found.</msg>
<status status="FAIL" starttime="20231009 22:19:28.621" endtime="20231009 22:19:38.714"/>
</kw>
<msg timestamp="20231009 22:19:38.714" level="INFO">${element_status} = False</msg>
<status status="PASS" starttime="20231009 22:19:28.621" endtime="20231009 22:19:38.714"/>
</kw>
<if>
<branch type="IF" condition="${element_status} == ${true}">
<kw name="Get Text" library="Browser">
<var>${orders_load}</var>
<arg>div#kitchen-orders:has-text("There are no orders yet.")</arg>
<tag>Assertion</tag>
<tag>Getter</tag>
<tag>PageContent</tag>
<doc>Returns text attribute of the element found by ``selector``.</doc>
<status status="NOT RUN" starttime="20231009 22:19:38.714" endtime="20231009 22:19:38.714"/>
</kw>
<kw name="Should Be Equal" library="BuiltIn">
<arg>${orders_load}</arg>
<arg>${NO_ORDERS_EN}</arg>
<doc>Fails if the given objects are unequal.</doc>
<status status="NOT RUN" starttime="20231009 22:19:38.714" endtime="20231009 22:19:38.714"/>
</kw>
<kw name="Log" library="BuiltIn">
<arg>${NO_ORDERS_EN}</arg>
<doc>Logs the given message with the given level.</doc>
<status status="NOT RUN" starttime="20231009 22:19:38.714" endtime="20231009 22:19:38.715"/>
</kw>
<kw name="Set Test Variable" library="BuiltIn">
<arg>${MSG}</arg>
<arg>${NO_ORDERS_EN}</arg>
<doc>Makes a variable available everywhere within the scope of the current test.</doc>
<status status="NOT RUN" starttime="20231009 22:19:38.715" endtime="20231009 22:19:38.715"/>
</kw>
<status status="NOT RUN" starttime="20231009 22:19:38.714" endtime="20231009 22:19:38.715"/>
</branch>
<status status="PASS" starttime="20231009 22:19:38.714" endtime="20231009 22:19:38.715"/>
</if>
<return>
<value>${MSG}</value>
<status status="PASS" starttime="20231009 22:19:38.715" endtime="20231009 22:19:38.715"/>
</return>
<msg timestamp="20231009 22:19:38.715" level="INFO">${info} = </msg>
<status status="PASS" starttime="20231009 22:19:28.620" endtime="20231009 22:19:38.715"/>
</kw>
<kw name="Log" library="BuiltIn">
<arg>Before fetch, check orders are placed!, ${info}</arg>
<doc>Logs the given message with the given level.</doc>
<msg timestamp="20231009 22:19:38.715" level="INFO">Before fetch, check orders are placed!, </msg>
<status status="PASS" starttime="20231009 22:19:38.715" endtime="20231009 22:19:38.715"/>
</kw>
<kw name="Get Elements" library="Browser">
<var>@{table_ids}</var>
<arg>//div[@class="popup-content"]/div[@table-id][@order-id]</arg>
<tag>Getter</tag>
<tag>PageContent</tag>
<doc>Returns a reference to Playwright [https://playwright.dev/docs/api/class-locator|Locator]
for all matched elements by ``selector``.</doc>
<msg timestamp="20231009 22:19:38.730" level="INFO">Found Locator@//div[@class="popup-content"]/div[@table-id][@order-id] &gt;&gt; nth=0,Locator@//div[@class="popup-content"]/div[@table-id][@order-id] &gt;&gt; nth=1 Locators successfully.</msg>
<msg timestamp="20231009 22:19:38.731" level="INFO">@{table_ids} = [ //div[@class="popup-content"]/div[@table-id][@order-id] &gt;&gt; nth=0 | //div[@class="popup-content"]/div[@table-id][@order-id] &gt;&gt; nth=1 ]</msg>
<status status="PASS" starttime="20231009 22:19:38.715" endtime="20231009 22:19:38.731"/>
</kw>
<kw name="Get Length" library="BuiltIn">
<var>${table_id}</var>
<arg>${table_ids}</arg>
<doc>Returns and logs the length of the given item as an integer.</doc>
<msg timestamp="20231009 22:19:38.731" level="INFO">Length is 2</msg>
<msg timestamp="20231009 22:19:38.731" level="INFO">${table_id} = 2</msg>
<status status="PASS" starttime="20231009 22:19:38.731" endtime="20231009 22:19:38.731"/>
</kw>
<kw name="Evaluate" library="BuiltIn">
<var>${tIndex}</var>
<arg>1</arg>
<doc>Evaluates the given expression in Python and returns the result.</doc>
<msg timestamp="20231009 22:19:38.731" level="INFO">${tIndex} = 1</msg>
<status status="PASS" starttime="20231009 22:19:38.731" endtime="20231009 22:19:38.731"/>
</kw>
<for flavor="IN">
<var>${t_orderId}</var>
<value>@{table_ids}</value>
<iter>
<var name="${t_orderId}">//div[@class="popup-content"]/div[@table-id][@order-id] &gt;&gt; nth=0</var>
<kw name="Wait For Elements State" library="Browser">
<arg>(//div[@table-id][@order-id])[${tIndex}]</arg>
<arg>visible</arg>
<tag>PageContent</tag>
<tag>Wait</tag>
<doc>Waits for the element found by ``selector`` to satisfy state option.</doc>
<msg timestamp="20231009 22:19:38.738" level="INFO">Waited for Element with selector (//div[@table-id][@order-id])[1] at state visible</msg>
<status status="PASS" starttime="20231009 22:19:38.731" endtime="20231009 22:19:38.738"/>
</kw>
<kw name="Get Text" library="Browser">
<var>${order_table}</var>
<arg>(//div[@table-id][@order-id])[${tIndex}]</arg>
<tag>Assertion</tag>
<tag>Getter</tag>
<tag>PageContent</tag>
<doc>Returns text attribute of the element found by ``selector``.</doc>
<msg timestamp="20231009 22:19:38.760" level="INFO">Text: '28\n28,50'</msg>
<msg timestamp="20231009 22:19:38.760" level="INFO">${order_table} = 28
28,50</msg>
<status status="PASS" starttime="20231009 22:19:38.738" endtime="20231009 22:19:38.760"/>
</kw>
<kw name="Replace String" library="String">
<var>${order_table}</var>
<arg>${order_table}</arg>
<arg>\n</arg>
<arg>_</arg>
<doc>Replaces ``search_for`` in the given ``string`` with ``replace_with``.</doc>
<msg timestamp="20231009 22:19:38.760" level="INFO">${order_table} = 28_28,50</msg>
<status status="PASS" starttime="20231009 22:19:38.760" endtime="20231009 22:19:38.760"/>
</kw>
<kw name="Split String From Right" library="String">
<var>${tb}</var>
<var>${price}</var>
<arg>${order_table}</arg>
<arg>_</arg>
<doc>Splits the ``string`` using ``separator`` starting from right.</doc>
<msg timestamp="20231009 22:19:38.760" level="INFO">${tb} = 28</msg>
<msg timestamp="20231009 22:19:38.760" level="INFO">${price} = 28,50</msg>
<status status="PASS" starttime="20231009 22:19:38.760" endtime="20231009 22:19:38.760"/>
</kw>
<kw name="Convert To Integer" library="BuiltIn">
<var>${tb}</var>
<arg>${tb}</arg>
<arg>${None}</arg>
<doc>Converts the given item to an integer number.</doc>
<msg timestamp="20231009 22:19:38.762" level="INFO">${tb} = 28</msg>
<status status="PASS" starttime="20231009 22:19:38.760" endtime="20231009 22:19:38.762"/>
</kw>
<kw name="Click" library="Browser">
<arg>${t_orderId}</arg>
<tag>PageContent</tag>
<tag>Setter</tag>
<doc>Simulates mouse click on the element found by ``selector``.</doc>
<status status="PASS" starttime="20231009 22:19:38.762" endtime="20231009 22:19:38.813"/>
</kw>
<kw name="Sleep" library="BuiltIn">
<arg>1s</arg>
<doc>Pauses the test executed for the given time.</doc>
<msg timestamp="20231009 22:19:39.814" level="INFO">Slept 1 second</msg>
<status status="PASS" starttime="20231009 22:19:38.813" endtime="20231009 22:19:39.814"/>
</kw>
<kw name="Wait For Elements State" library="Browser">
<arg>div#pos-ticket&gt;h2[data-org]</arg>
<arg>visible</arg>
<tag>PageContent</tag>
<tag>Wait</tag>
<doc>Waits for the element found by ``selector`` to satisfy state option.</doc>
<msg timestamp="20231009 22:19:39.814" level="INFO">Waited for Element with selector div#pos-ticket&gt;h2[data-org] at state visible</msg>
<status status="PASS" starttime="20231009 22:19:39.814" endtime="20231009 22:19:39.814"/>
</kw>
<kw name="Get Text" library="Browser">
<var>${orderId}</var>
<arg>div#pos-ticket&gt;h2[data-org] &gt;span</arg>
<tag>Assertion</tag>
<tag>Getter</tag>
<tag>PageContent</tag>
<doc>Returns text attribute of the element found by ``selector``.</doc>
<msg timestamp="20231009 22:19:39.843" level="INFO">Text: '#117713944'</msg>
<msg timestamp="20231009 22:19:39.843" level="INFO">${orderId} = #117713944</msg>
<status status="PASS" starttime="20231009 22:19:39.814" endtime="20231009 22:19:39.843"/>
</kw>
<kw name="Get Text" library="Browser">
<var>${tableNum}</var>
<arg>//div[@id="pos-ticket"]/h2[text()][@data-org="Order"]</arg>
<tag>Assertion</tag>
<tag>Getter</tag>
<tag>PageContent</tag>
<doc>Returns text attribute of the element found by ``selector``.</doc>
<msg timestamp="20231009 22:19:39.860" level="INFO">Text: '28 #117713944'</msg>
<msg timestamp="20231009 22:19:39.860" level="INFO">${tableNum} = 28 #117713944</msg>
<status status="PASS" starttime="20231009 22:19:39.843" endtime="20231009 22:19:39.860"/>
</kw>
<kw name="Replace String" library="String">
<var>${orderId}</var>
<arg>${orderId}</arg>
<arg>\#</arg>
<arg>${EMPTY}</arg>
<doc>Replaces ``search_for`` in the given ``string`` with ``replace_with``.</doc>
<msg timestamp="20231009 22:19:39.860" level="INFO">${orderId} = 117713944</msg>
<status status="PASS" starttime="20231009 22:19:39.860" endtime="20231009 22:19:39.860"/>
</kw>
<kw name="Get Elements" library="Browser">
<var>@{menuItems}</var>
<arg>//tbody/tr[@data-i]</arg>
<tag>Getter</tag>
<tag>PageContent</tag>
<doc>Returns a reference to Playwright [https://playwright.dev/docs/api/class-locator|Locator]
for all matched elements by ``selector``.</doc>
<msg timestamp="20231009 22:19:39.864" level="INFO">Found Locator@//tbody/tr[@data-i] &gt;&gt; nth=0,Locator@//tbody/tr[@data-i] &gt;&gt; nth=1,Locator@//tbody/tr[@data-i] &gt;&gt; nth=2 Locators successfully.</msg>
<msg timestamp="20231009 22:19:39.864" level="INFO">@{menuItems} = [ //tbody/tr[@data-i] &gt;&gt; nth=0 | //tbody/tr[@data-i] &gt;&gt; nth=1 | //tbody/tr[@data-i] &gt;&gt; nth=2 ]</msg>
<status status="PASS" starttime="20231009 22:19:39.860" endtime="20231009 22:19:39.864"/>
</kw>
<kw name="Evaluate" library="BuiltIn">
<var>${iData}</var>
<arg>0</arg>
<doc>Evaluates the given expression in Python and returns the result.</doc>
<msg timestamp="20231009 22:19:39.864" level="INFO">${iData} = 0</msg>
<status status="PASS" starttime="20231009 22:19:39.864" endtime="20231009 22:19:39.864"/>
</kw>
<for flavor="IN">
<var>${menuItem}</var>
<value>@{menuItems}</value>
<iter>
<var name="${menuItem}">//tbody/tr[@data-i] &gt;&gt; nth=0</var>
<kw name="Get Attribute" library="Browser">
<var>${item_quantity}</var>
<arg>//tbody/tr[@data-i="${iData}"]/td[1]/input</arg>
<arg>value</arg>
<tag>Assertion</tag>
<tag>Getter</tag>
<tag>PageContent</tag>
<doc>Returns the HTML ``attribute`` of the element found by ``selector``.</doc>
<msg timestamp="20231009 22:19:39.880" level="INFO">Attribute is: '1'</msg>
<msg timestamp="20231009 22:19:39.880" level="INFO">${item_quantity} = 1</msg>
<status status="PASS" starttime="20231009 22:19:39.864" endtime="20231009 22:19:39.880"/>
</kw>
<kw name="Convert To Integer" library="BuiltIn">
<var>${item_quantity}</var>
<arg>${item_quantity}</arg>
<arg>${None}</arg>
<doc>Converts the given item to an integer number.</doc>
<msg timestamp="20231009 22:19:39.880" level="INFO">${item_quantity} = 1</msg>
<status status="PASS" starttime="20231009 22:19:39.880" endtime="20231009 22:19:39.880"/>
</kw>
<kw name="Get Text" library="Browser">
<var>${item_name}</var>
<arg>//tr[@data-i="${iData}"]/td[@class="desc"]</arg>
<tag>Assertion</tag>
<tag>Getter</tag>
<tag>PageContent</tag>
<doc>Returns text attribute of the element found by ``selector``.</doc>
<msg timestamp="20231009 22:19:39.897" level="INFO">Text: 'Chole Bhature\n'</msg>
<msg timestamp="20231009 22:19:39.897" level="INFO">${item_name} = Chole Bhature
</msg>
<status status="PASS" starttime="20231009 22:19:39.880" endtime="20231009 22:19:39.897"/>
</kw>
<kw name="Replace String" library="String">
<var>${item_name}</var>
<arg>${item_name}</arg>
<arg>\n</arg>
<arg>${EMPTY}</arg>
<doc>Replaces ``search_for`` in the given ``string`` with ``replace_with``.</doc>
<msg timestamp="20231009 22:19:39.897" level="INFO">${item_name} = Chole Bhature</msg>
<status status="PASS" starttime="20231009 22:19:39.897" endtime="20231009 22:19:39.897"/>
</kw>
<kw name="Get Text" library="Browser">
<var>${item_price}</var>
<arg>//tr[@data-i="${iData}"]/td[@class="price"]</arg>
<tag>Assertion</tag>
<tag>Getter</tag>
<tag>PageContent</tag>
<doc>Returns text attribute of the element found by ``selector``.</doc>
<msg timestamp="20231009 22:19:39.915" level="INFO">Text: '€ 10,00'</msg>
<msg timestamp="20231009 22:19:39.915" level="INFO">${item_price} = € 10,00</msg>
<status status="PASS" starttime="20231009 22:19:39.897" endtime="20231009 22:19:39.915"/>
</kw>
<kw name="Create Dictionary" library="BuiltIn">
<var>&amp;{order_set}</var>
<arg>orderNo=${orderId}</arg>
<arg>tableNo=${tb}</arg>
<arg>quantity=${item_quantity}</arg>
<arg>itemName=${item_name}</arg>
<arg>itemCategory=starters</arg>
<arg>rank=3</arg>
<arg>uuid=null</arg>
<arg>itemStatus=open</arg>
<doc>Creates and returns a dictionary based on the given ``items``.</doc>
<msg timestamp="20231009 22:19:39.928" level="INFO">&amp;{order_set} = { orderNo=117713944 | tableNo=28 | quantity=1 | itemName=Chole Bhature | itemCategory=starters | rank=3 | uuid=null | itemStatus=open }</msg>
<status status="PASS" starttime="20231009 22:19:39.928" endtime="20231009 22:19:39.928"/>
</kw>
<kw name="Log" library="BuiltIn">
<arg>Fetch generated dictionary data:&gt;&gt;&gt;&gt;${order_set}</arg>
<doc>Logs the given message with the given level.</doc>
<msg timestamp="20231009 22:19:39.928" level="INFO">Fetch generated dictionary data:&gt;&gt;&gt;&gt;{'orderNo': '117713944', 'tableNo': 28, 'quantity': 1, 'itemName': 'Chole Bhature', 'itemCategory': 'starters', 'rank': '3', 'uuid': 'null', 'itemStatus': 'open'}</msg>
<status status="PASS" starttime="20231009 22:19:39.928" endtime="20231009 22:19:39.928"/>
</kw>
<kw name="Append To List" library="Collections">
<arg>${TABLE_ORDERS}</arg>
<arg>${order_set}</arg>
<doc>Adds ``values`` to the end of ``list``.</doc>
<status status="PASS" starttime="20231009 22:19:39.928" endtime="20231009 22:19:39.928"/>
</kw>
<kw name="Log" library="BuiltIn">
<arg>After add dict to list:${TABLE_ORDERS}</arg>
<doc>Logs the given message with the given level.</doc>
<msg timestamp="20231009 22:19:39.928" level="INFO">After add dict to list:[{'orderNo': '117713944', 'tableNo': 28, 'quantity': 1, 'itemName': 'Chole Bhature', 'itemCategory': 'starters', 'rank': '3', 'uuid': 'null', 'itemStatus': 'open'}]</msg>
<status status="PASS" starttime="20231009 22:19:39.928" endtime="20231009 22:19:39.930"/>
</kw>
<kw name="Append To List" library="Collections">
<arg>${ITEMNAMES_SUBSET_TABLEORDERS}</arg>
<arg>${item_name}</arg>
<arg>${orderId}</arg>
<doc>Adds ``values`` to the end of ``list``.</doc>
<status status="PASS" starttime="20231009 22:19:39.930" endtime="20231009 22:19:39.931"/>
</kw>
<kw name="Evaluate" library="BuiltIn">
<var>${iData}</var>
<arg>${iData} + 1</arg>
<doc>Evaluates the given expression in Python and returns the result.</doc>
<msg timestamp="20231009 22:19:39.931" level="INFO">${iData} = 1</msg>
<status status="PASS" starttime="20231009 22:19:39.931" endtime="20231009 22:19:39.931"/>
</kw>
<status status="PASS" starttime="20231009 22:19:39.864" endtime="20231009 22:19:39.931"/>
</iter>
<iter>
<var name="${menuItem}">//tbody/tr[@data-i] &gt;&gt; nth=1</var>
<kw name="Get Attribute" library="Browser">
<var>${item_quantity}</var>
<arg>//tbody/tr[@data-i="${iData}"]/td[1]/input</arg>
<arg>value</arg>
<tag>Assertion</tag>
<tag>Getter</tag>
<tag>PageContent</tag>
<doc>Returns the HTML ``attribute`` of the element found by ``selector``.</doc>
<msg timestamp="20231009 22:19:39.942" level="INFO">Attribute is: '1'</msg>
<msg timestamp="20231009 22:19:39.942" level="INFO">${item_quantity} = 1</msg>
<status status="PASS" starttime="20231009 22:19:39.931" endtime="20231009 22:19:39.942"/>
</kw>
<kw name="Convert To Integer" library="BuiltIn">
<var>${item_quantity}</var>
<arg>${item_quantity}</arg>
<arg>${None}</arg>
<doc>Converts the given item to an integer number.</doc>
<msg timestamp="20231009 22:19:39.942" level="INFO">${item_quantity} = 1</msg>
<status status="PASS" starttime="20231009 22:19:39.942" endtime="20231009 22:19:39.942"/>
</kw>
<kw name="Get Text" library="Browser">
<var>${item_name}</var>
<arg>//tr[@data-i="${iData}"]/td[@class="desc"]</arg>
<tag>Assertion</tag>
<tag>Getter</tag>
<tag>PageContent</tag>
<doc>Returns text attribute of the element found by ``selector``.</doc>
<msg timestamp="20231009 22:19:39.959" level="INFO">Text: 'Dal Makhni\n'</msg>
<msg timestamp="20231009 22:19:39.959" level="INFO">${item_name} = Dal Makhni
</msg>
<status status="PASS" starttime="20231009 22:19:39.942" endtime="20231009 22:19:39.959"/>
</kw>
<kw name="Replace String" library="String">
<var>${item_name}</var>
<arg>${item_name}</arg>
<arg>\n</arg>
<arg>${EMPTY}</arg>
<doc>Replaces ``search_for`` in the given ``string`` with ``replace_with``.</doc>
<msg timestamp="20231009 22:19:39.959" level="INFO">${item_name} = Dal Makhni</msg>
<status status="PASS" starttime="20231009 22:19:39.959" endtime="20231009 22:19:39.959"/>
</kw>
<kw name="Get Text" library="Browser">
<var>${item_price}</var>
<arg>//tr[@data-i="${iData}"]/td[@class="price"]</arg>
<tag>Assertion</tag>
<tag>Getter</tag>
<tag>PageContent</tag>
<doc>Returns text attribute of the element found by ``selector``.</doc>
<msg timestamp="20231009 22:19:39.975" level="INFO">Text: '€ 10,00'</msg>
<msg timestamp="20231009 22:19:39.975" level="INFO">${item_price} = € 10,00</msg>
<status status="PASS" starttime="20231009 22:19:39.959" endtime="20231009 22:19:39.975"/>
</kw>
<kw name="Create Dictionary" library="BuiltIn">
<var>&amp;{order_set}</var>
<arg>orderNo=${orderId}</arg>
<arg>tableNo=${tb}</arg>
<arg>quantity=${item_quantity}</arg>
<arg>itemName=${item_name}</arg>
<arg>itemCategory=starters</arg>
<arg>rank=3</arg>
<arg>uuid=null</arg>
<arg>itemStatus=open</arg>
<doc>Creates and returns a dictionary based on the given ``items``.</doc>
<msg timestamp="20231009 22:19:39.975" level="INFO">&amp;{order_set} = { orderNo=117713944 | tableNo=28 | quantity=1 | itemName=Dal Makhni | itemCategory=starters | rank=3 | uuid=null | itemStatus=open }</msg>
<status status="PASS" starttime="20231009 22:19:39.975" endtime="20231009 22:19:39.975"/>
</kw>
<kw name="Log" library="BuiltIn">
<arg>Fetch generated dictionary data:&gt;&gt;&gt;&gt;${order_set}</arg>
<doc>Logs the given message with the given level.</doc>
<msg timestamp="20231009 22:19:39.975" level="INFO">Fetch generated dictionary data:&gt;&gt;&gt;&gt;{'orderNo': '117713944', 'tableNo': 28, 'quantity': 1, 'itemName': 'Dal Makhni', 'itemCategory': 'starters', 'rank': '3', 'uuid': 'null', 'itemStatus': 'open'}</msg>
<status status="PASS" starttime="20231009 22:19:39.975" endtime="20231009 22:19:39.975"/>
</kw>
<kw name="Append To List" library="Collections">
<arg>${TABLE_ORDERS}</arg>
<arg>${order_set}</arg>
<doc>Adds ``values`` to the end of ``list``.</doc>
<status status="PASS" starttime="20231009 22:19:39.975" endtime="20231009 22:19:39.975"/>
</kw>
<kw name="Log" library="BuiltIn">
<arg>After add dict to list:${TABLE_ORDERS}</arg>
<doc>Logs the given message with the given level.</doc>
<msg timestamp="20231009 22:19:39.975" level="INFO">After add dict to list:[{'orderNo': '117713944', 'tableNo': 28, 'quantity': 1, 'itemName': 'Chole Bhature', 'itemCategory': 'starters', 'rank': '3', 'uuid': 'null', 'itemStatus': 'open'}, {'orderNo': '117713944', 'tableNo': 28, 'quantity': 1, 'itemName': 'Dal Makhni', 'itemCategory': 'starters', 'rank': '3', 'uuid': 'null', 'itemStatus': 'open'}]</msg>
<status status="PASS" starttime="20231009 22:19:39.975" endtime="20231009 22:19:39.975"/>
</kw>
<kw name="Append To List" library="Collections">
<arg>${ITEMNAMES_SUBSET_TABLEORDERS}</arg>
<arg>${item_name}</arg>
<arg>${orderId}</arg>
<doc>Adds ``values`` to the end of ``list``.</doc>
<status status="PASS" starttime="20231009 22:19:39.975" endtime="20231009 22:19:39.975"/>
</kw>
<kw name="Evaluate" library="BuiltIn">
<var>${iData}</var>
<arg>${iData} + 1</arg>
<doc>Evaluates the given expression in Python and returns the result.</doc>
<msg timestamp="20231009 22:19:39.975" level="INFO">${iData} = 2</msg>
<status status="PASS" starttime="20231009 22:19:39.975" endtime="20231009 22:19:39.975"/>
</kw>
<status status="PASS" starttime="20231009 22:19:39.931" endtime="20231009 22:19:39.975"/>
</iter>
<iter>
<var name="${menuItem}">//tbody/tr[@data-i] &gt;&gt; nth=2</var>
<kw name="Get Attribute" library="Browser">
<var>${item_quantity}</var>
<arg>//tbody/tr[@data-i="${iData}"]/td[1]/input</arg>
<arg>value</arg>
<tag>Assertion</tag>
<tag>Getter</tag>
<tag>PageContent</tag>
<doc>Returns the HTML ``attribute`` of the element found by ``selector``.</doc>
<msg timestamp="20231009 22:19:39.991" level="INFO">Attribute is: '1'</msg>
<msg timestamp="20231009 22:19:39.991" level="INFO">${item_quantity} = 1</msg>
<status status="PASS" starttime="20231009 22:19:39.975" endtime="20231009 22:19:39.991"/>
</kw>
<kw name="Convert To Integer" library="BuiltIn">
<var>${item_quantity}</var>
<arg>${item_quantity}</arg>
<arg>${None}</arg>
<doc>Converts the given item to an integer number.</doc>
<msg timestamp="20231009 22:19:39.991" level="INFO">${item_quantity} = 1</msg>
<status status="PASS" starttime="20231009 22:19:39.991" endtime="20231009 22:19:39.991"/>
</kw>
<kw name="Get Text" library="Browser">
<var>${item_name}</var>
<arg>//tr[@data-i="${iData}"]/td[@class="desc"]</arg>
<tag>Assertion</tag>
<tag>Getter</tag>
<tag>PageContent</tag>
<doc>Returns text attribute of the element found by ``selector``.</doc>
<msg timestamp="20231009 22:19:40.018" level="INFO">Text: 'Tomato Chilly Uthappam\n'</msg>
<msg timestamp="20231009 22:19:40.018" level="INFO">${item_name} = Tomato Chilly Uthappam
</msg>
<status status="PASS" starttime="20231009 22:19:39.991" endtime="20231009 22:19:40.018"/>
</kw>
<kw name="Replace String" library="String">
<var>${item_name}</var>
<arg>${item_name}</arg>
<arg>\n</arg>
<arg>${EMPTY}</arg>
<doc>Replaces ``search_for`` in the given ``string`` with ``replace_with``.</doc>
<msg timestamp="20231009 22:19:40.018" level="INFO">${item_name} = Tomato Chilly Uthappam</msg>
<status status="PASS" starttime="20231009 22:19:40.018" endtime="20231009 22:19:40.018"/>
</kw>
<kw name="Get Text" library="Browser">
<var>${item_price}</var>
<arg>//tr[@data-i="${iData}"]/td[@class="price"]</arg>
<tag>Assertion</tag>
<tag>Getter</tag>
<tag>PageContent</tag>
<doc>Returns text attribute of the element found by ``selector``.</doc>
<msg timestamp="20231009 22:19:40.032" level="INFO">Text: '€ 8,50'</msg>
<msg timestamp="20231009 22:19:40.032" level="INFO">${item_price} = € 8,50</msg>
<status status="PASS" starttime="20231009 22:19:40.018" endtime="20231009 22:19:40.032"/>
</kw>
<kw name="Create Dictionary" library="BuiltIn">
<var>&amp;{order_set}</var>
<arg>orderNo=${orderId}</arg>
<arg>tableNo=${tb}</arg>
<arg>quantity=${item_quantity}</arg>
<arg>itemName=${item_name}</arg>
<arg>itemCategory=starters</arg>
<arg>rank=3</arg>
<arg>uuid=null</arg>
<arg>itemStatus=open</arg>
<doc>Creates and returns a dictionary based on the given ``items``.</doc>
<msg timestamp="20231009 22:19:40.032" level="INFO">&amp;{order_set} = { orderNo=117713944 | tableNo=28 | quantity=1 | itemName=Tomato Chilly Uthappam | itemCategory=starters | rank=3 | uuid=null | itemStatus=open }</msg>
<status status="PASS" starttime="20231009 22:19:40.032" endtime="20231009 22:19:40.032"/>
</kw>
<kw name="Log" library="BuiltIn">
<arg>Fetch generated dictionary data:&gt;&gt;&gt;&gt;${order_set}</arg>
<doc>Logs the given message with the given level.</doc>
<msg timestamp="20231009 22:19:40.032" level="INFO">Fetch generated dictionary data:&gt;&gt;&gt;&gt;{'orderNo': '117713944', 'tableNo': 28, 'quantity': 1, 'itemName': 'Tomato Chilly Uthappam', 'itemCategory': 'starters', 'rank': '3', 'uuid': 'null', 'itemStatus': 'open'}</msg>
<status status="PASS" starttime="20231009 22:19:40.032" endtime="20231009 22:19:40.032"/>
</kw>
<kw name="Append To List" library="Collections">
<arg>${TABLE_ORDERS}</arg>
<arg>${order_set}</arg>
<doc>Adds ``values`` to the end of ``list``.</doc>
<status status="PASS" starttime="20231009 22:19:40.032" endtime="20231009 22:19:40.032"/>
</kw>
<kw name="Log" library="BuiltIn">
<arg>After add dict to list:${TABLE_ORDERS}</arg>
<doc>Logs the given message with the given level.</doc>
<msg timestamp="20231009 22:19:40.032" level="INFO">After add dict to list:[{'orderNo': '117713944', 'tableNo': 28, 'quantity': 1, 'itemName': 'Chole Bhature', 'itemCategory': 'starters', 'rank': '3', 'uuid': 'null', 'itemStatus': 'open'}, {'orderNo': '117713944', 'tableNo': 28, 'quantity': 1, 'itemName': 'Dal Makhni', 'itemCategory': 'starters', 'rank': '3', 'uuid': 'null', 'itemStatus': 'open'}, {'orderNo': '117713944', 'tableNo': 28, 'quantity': 1, 'itemName': 'Tomato Chilly Uthappam', 'itemCategory': 'starters', 'rank': '3', 'uuid': 'null', 'itemStatus': 'open'}]</msg>
<status status="PASS" starttime="20231009 22:19:40.032" endtime="20231009 22:19:40.032"/>
</kw>
<kw name="Append To List" library="Collections">
<arg>${ITEMNAMES_SUBSET_TABLEORDERS}</arg>
<arg>${item_name}</arg>
<arg>${orderId}</arg>
<doc>Adds ``values`` to the end of ``list``.</doc>
<status status="PASS" starttime="20231009 22:19:40.032" endtime="20231009 22:19:40.032"/>
</kw>
<kw name="Evaluate" library="BuiltIn">
<var>${iData}</var>
<arg>${iData} + 1</arg>
<doc>Evaluates the given expression in Python and returns the result.</doc>
<msg timestamp="20231009 22:19:40.032" level="INFO">${iData} = 3</msg>
<status status="PASS" starttime="20231009 22:19:40.032" endtime="20231009 22:19:40.032"/>
</kw>
<status status="PASS" starttime="20231009 22:19:39.975" endtime="20231009 22:19:40.032"/>
</iter>
<status status="PASS" starttime="20231009 22:19:39.864" endtime="20231009 22:19:40.032"/>
</for>
<kw name="Create Session" library="RequestsLibrary">
<arg>ordersession</arg>
<arg>${APIURL}</arg>
<doc>Create Session: create a HTTP session to a server</doc>
<msg timestamp="20231009 22:19:40.032" level="INFO">Creating Session using : alias=ordersession, url=http://92.70.63.97:1880, headers={},                     cookies={}, auth=None, timeout=None, proxies=None, verify=False,                     debug=0 </msg>
<status status="PASS" starttime="20231009 22:19:40.032" endtime="20231009 22:19:40.032"/>
</kw>
<kw name="Create Dictionary" library="BuiltIn">
<var>${headers}</var>
<arg>Content-Type=application/json</arg>
<doc>Creates and returns a dictionary based on the given ``items``.</doc>
<msg timestamp="20231009 22:19:40.032" level="INFO">${headers} = {'Content-Type': 'application/json'}</msg>
<status status="PASS" starttime="20231009 22:19:40.032" endtime="20231009 22:19:40.032"/>
</kw>
<kw name="POST On Session" library="RequestsLibrary">
<var>${response}</var>
<arg>ordersession</arg>
<arg>${endpoint}</arg>
<arg>json=${TABLE_ORDERS}</arg>
<arg>headers=${headers}</arg>
<doc>Sends a POST request on a previously created HTTP Session.</doc>
<msg timestamp="20231009 22:19:40.097" level="INFO">POST Request : url=http://92.70.63.97:1880/openOrders 
 path_url=/openOrders 
 headers={'User-Agent': 'python-requests/2.31.0', 'Accept-Encoding': 'gzip, deflate', 'Accept': '*/*', 'Connection': 'keep-alive', 'Content-Type': 'application/json', 'Content-Length': '498'} 
 body=b'[{"orderNo": "117713944", "tableNo": 28, "quantity": 1, "itemName": "Chole Bhature", "itemCategory": "starters", "rank": "3", "uuid": "null", "itemStatus": "open"}, {"orderNo": "117713944", "tableNo": 28, "quantity": 1, "itemName": "Dal Makhni", "itemCategory": "starters", "rank": "3", "uuid": "null", "itemStatus": "open"}, {"orderNo": "117713944", "tableNo": 28, "quantity": 1, "itemName": "Tomato Chilly Uthappam", "itemCategory": "starters", "rank": "3", "uuid": "null", "itemStatus": "open"}]' 
 </msg>
<msg timestamp="20231009 22:19:40.097" level="INFO">POST Response : url=http://92.70.63.97:1880/openOrders 
 status=200, reason=OK 
 headers={'Access-Control-Allow-Origin': '*', 'X-Content-Type-Options': 'nosniff', 'Content-Type': 'application/json; charset=utf-8', 'Content-Length': '451', 'ETag': 'W/"1c3-OHqeGSpXEA3DhUjfESuzaMY6PCA"', 'Vary': 'Accept-Encoding', 'Date': 'Mon, 09 Oct 2023 20:19:39 GMT', 'Connection': 'keep-alive', 'Keep-Alive': 'timeout=5'} 
 body=[{"orderNo":"117713944","tableNo":28,"quantity":1,"itemName":"Chole Bhature","itemCategory":"starters","rank":"3","uuid":"null","itemStatus":"open"},{"orderNo":"117713944","tableNo":28,"quantity":1,"itemName":"Dal Makhni","itemCategory":"starters","rank":"3","uuid":"null","itemStatus":"open"},{"orderNo":"117713944","tableNo":28,"quantity":1,"itemName":"Tomato Chilly Uthappam","itemCategory":"starters","rank":"3","uuid":"null","itemStatus":"open"}] 
 </msg>
<msg timestamp="20231009 22:19:40.097" level="INFO">${response} = &lt;Response [200]&gt;</msg>
<status status="PASS" starttime="20231009 22:19:40.032" endtime="20231009 22:19:40.097"/>
</kw>
<kw name="Log" library="BuiltIn">
<arg>Get response POST call status code':${response.status_code}'</arg>
<doc>Logs the given message with the given level.</doc>
<msg timestamp="20231009 22:19:40.097" level="INFO">Get response POST call status code':200'</msg>
<status status="PASS" starttime="20231009 22:19:40.097" endtime="20231009 22:19:40.097"/>
</kw>
<kw name="Log" library="BuiltIn">
<arg>Retrieve JSON response&lt;&lt;${response.content}&gt;&gt;</arg>
<doc>Logs the given message with the given level.</doc>
<msg timestamp="20231009 22:19:40.097" level="INFO">Retrieve JSON response&lt;&lt;[{"orderNo":"117713944","tableNo":28,"quantity":1,"itemName":"Chole Bhature","itemCategory":"starters","rank":"3","uuid":"null","itemStatus":"open"},{"orderNo":"117713944","tableNo":28,"quantity":1,"itemName":"Dal Makhni","itemCategory":"starters","rank":"3","uuid":"null","itemStatus":"open"},{"orderNo":"117713944","tableNo":28,"quantity":1,"itemName":"Tomato Chilly Uthappam","itemCategory":"starters","rank":"3","uuid":"null","itemStatus":"open"}]&gt;&gt;</msg>
<status status="PASS" starttime="20231009 22:19:40.097" endtime="20231009 22:19:40.097"/>
</kw>
<kw name="Convert To String" library="BuiltIn">
<var>${res_status_code}</var>
<arg>${response.status_code}</arg>
<doc>Converts the given item to a Unicode string.</doc>
<msg timestamp="20231009 22:19:40.097" level="INFO">${res_status_code} = 200</msg>
<status status="PASS" starttime="20231009 22:19:40.097" endtime="20231009 22:19:40.097"/>
</kw>
<kw name="Should Be Equal" library="BuiltIn">
<arg>${res_status_code}</arg>
<arg>200</arg>
<doc>Fails if the given objects are unequal.</doc>
<status status="PASS" starttime="20231009 22:19:40.097" endtime="20231009 22:19:40.097"/>
</kw>
<kw name="Convert To String" library="BuiltIn">
<var>${response_json}</var>
<arg>${response.content}</arg>
<doc>Converts the given item to a Unicode string.</doc>
<msg timestamp="20231009 22:19:40.097" level="INFO">${response_json} = [{"orderNo":"117713944","tableNo":28,"quantity":1,"itemName":"Chole Bhature","itemCategory":"starters","rank":"3","uuid":"null","itemStatus":"open"},{"orderNo":"117713944","tableNo":28,"quantity":1,"i...</msg>
<status status="PASS" starttime="20231009 22:19:40.097" endtime="20231009 22:19:40.097"/>
</kw>
<for flavor="IN">
<var>${assertItem}</var>
<value>@{ITEMNAMES_SUBSET_TABLEORDERS}</value>
<iter>
<var name="${assertItem}"/>
<kw name="Log" library="BuiltIn">
<arg>beofre Assert item:${assertItem}</arg>
<doc>Logs the given message with the given level.</doc>
<msg timestamp="20231009 22:19:40.097" level="INFO">beofre Assert item:</msg>
<status status="PASS" starttime="20231009 22:19:40.097" endtime="20231009 22:19:40.097"/>
</kw>
<kw name="Convert To String" library="BuiltIn">
<var>${assertItem}</var>
<arg>${assertItem}</arg>
<doc>Converts the given item to a Unicode string.</doc>
<msg timestamp="20231009 22:19:40.097" level="INFO">${assertItem} = </msg>
<status status="PASS" starttime="20231009 22:19:40.097" endtime="20231009 22:19:40.097"/>
</kw>
<kw name="Should Contain" library="BuiltIn">
<arg>${response_json}</arg>
<arg>${assertItem}</arg>
<doc>Fails if ``container`` does not contain ``item`` one or more times.</doc>
<status status="PASS" starttime="20231009 22:19:40.097" endtime="20231009 22:19:40.097"/>
</kw>
<status status="PASS" starttime="20231009 22:19:40.097" endtime="20231009 22:19:40.097"/>
</iter>
<iter>
<var name="${assertItem}">Chole Bhature</var>
<kw name="Log" library="BuiltIn">
<arg>beofre Assert item:${assertItem}</arg>
<doc>Logs the given message with the given level.</doc>
<msg timestamp="20231009 22:19:40.097" level="INFO">beofre Assert item:Chole Bhature</msg>
<status status="PASS" starttime="20231009 22:19:40.097" endtime="20231009 22:19:40.097"/>
</kw>
<kw name="Convert To String" library="BuiltIn">
<var>${assertItem}</var>
<arg>${assertItem}</arg>
<doc>Converts the given item to a Unicode string.</doc>
<msg timestamp="20231009 22:19:40.097" level="INFO">${assertItem} = Chole Bhature</msg>
<status status="PASS" starttime="20231009 22:19:40.097" endtime="20231009 22:19:40.097"/>
</kw>
<kw name="Should Contain" library="BuiltIn">
<arg>${response_json}</arg>
<arg>${assertItem}</arg>
<doc>Fails if ``container`` does not contain ``item`` one or more times.</doc>
<status status="PASS" starttime="20231009 22:19:40.097" endtime="20231009 22:19:40.097"/>
</kw>
<status status="PASS" starttime="20231009 22:19:40.097" endtime="20231009 22:19:40.097"/>
</iter>
<iter>
<var name="${assertItem}">117713944</var>
<kw name="Log" library="BuiltIn">
<arg>beofre Assert item:${assertItem}</arg>
<doc>Logs the given message with the given level.</doc>
<msg timestamp="20231009 22:19:40.097" level="INFO">beofre Assert item:117713944</msg>
<status status="PASS" starttime="20231009 22:19:40.097" endtime="20231009 22:19:40.097"/>
</kw>
<kw name="Convert To String" library="BuiltIn">
<var>${assertItem}</var>
<arg>${assertItem}</arg>
<doc>Converts the given item to a Unicode string.</doc>
<msg timestamp="20231009 22:19:40.097" level="INFO">${assertItem} = 117713944</msg>
<status status="PASS" starttime="20231009 22:19:40.097" endtime="20231009 22:19:40.097"/>
</kw>
<kw name="Should Contain" library="BuiltIn">
<arg>${response_json}</arg>
<arg>${assertItem}</arg>
<doc>Fails if ``container`` does not contain ``item`` one or more times.</doc>
<status status="PASS" starttime="20231009 22:19:40.097" endtime="20231009 22:19:40.097"/>
</kw>
<status status="PASS" starttime="20231009 22:19:40.097" endtime="20231009 22:19:40.097"/>
</iter>
<iter>
<var name="${assertItem}">Dal Makhni</var>
<kw name="Log" library="BuiltIn">
<arg>beofre Assert item:${assertItem}</arg>
<doc>Logs the given message with the given level.</doc>
<msg timestamp="20231009 22:19:40.097" level="INFO">beofre Assert item:Dal Makhni</msg>
<status status="PASS" starttime="20231009 22:19:40.097" endtime="20231009 22:19:40.097"/>
</kw>
<kw name="Convert To String" library="BuiltIn">
<var>${assertItem}</var>
<arg>${assertItem}</arg>
<doc>Converts the given item to a Unicode string.</doc>
<msg timestamp="20231009 22:19:40.097" level="INFO">${assertItem} = Dal Makhni</msg>
<status status="PASS" starttime="20231009 22:19:40.097" endtime="20231009 22:19:40.097"/>
</kw>
<kw name="Should Contain" library="BuiltIn">
<arg>${response_json}</arg>
<arg>${assertItem}</arg>
<doc>Fails if ``container`` does not contain ``item`` one or more times.</doc>
<status status="PASS" starttime="20231009 22:19:40.097" endtime="20231009 22:19:40.097"/>
</kw>
<status status="PASS" starttime="20231009 22:19:40.097" endtime="20231009 22:19:40.097"/>
</iter>
<iter>
<var name="${assertItem}">117713944</var>
<kw name="Log" library="BuiltIn">
<arg>beofre Assert item:${assertItem}</arg>
<doc>Logs the given message with the given level.</doc>
<msg timestamp="20231009 22:19:40.097" level="INFO">beofre Assert item:117713944</msg>
<status status="PASS" starttime="20231009 22:19:40.097" endtime="20231009 22:19:40.097"/>
</kw>
<kw name="Convert To String" library="BuiltIn">
<var>${assertItem}</var>
<arg>${assertItem}</arg>
<doc>Converts the given item to a Unicode string.</doc>
<msg timestamp="20231009 22:19:40.097" level="INFO">${assertItem} = 117713944</msg>
<status status="PASS" starttime="20231009 22:19:40.097" endtime="20231009 22:19:40.097"/>
</kw>
<kw name="Should Contain" library="BuiltIn">
<arg>${response_json}</arg>
<arg>${assertItem}</arg>
<doc>Fails if ``container`` does not contain ``item`` one or more times.</doc>
<status status="PASS" starttime="20231009 22:19:40.097" endtime="20231009 22:19:40.113"/>
</kw>
<status status="PASS" starttime="20231009 22:19:40.097" endtime="20231009 22:19:40.113"/>
</iter>
<iter>
<var name="${assertItem}">Tomato Chilly Uthappam</var>
<kw name="Log" library="BuiltIn">
<arg>beofre Assert item:${assertItem}</arg>
<doc>Logs the given message with the given level.</doc>
<msg timestamp="20231009 22:19:40.113" level="INFO">beofre Assert item:Tomato Chilly Uthappam</msg>
<status status="PASS" starttime="20231009 22:19:40.113" endtime="20231009 22:19:40.113"/>
</kw>
<kw name="Convert To String" library="BuiltIn">
<var>${assertItem}</var>
<arg>${assertItem}</arg>
<doc>Converts the given item to a Unicode string.</doc>
<msg timestamp="20231009 22:19:40.113" level="INFO">${assertItem} = Tomato Chilly Uthappam</msg>
<status status="PASS" starttime="20231009 22:19:40.113" endtime="20231009 22:19:40.113"/>
</kw>
<kw name="Should Contain" library="BuiltIn">
<arg>${response_json}</arg>
<arg>${assertItem}</arg>
<doc>Fails if ``container`` does not contain ``item`` one or more times.</doc>
<status status="PASS" starttime="20231009 22:19:40.113" endtime="20231009 22:19:40.113"/>
</kw>
<status status="PASS" starttime="20231009 22:19:40.113" endtime="20231009 22:19:40.113"/>
</iter>
<iter>
<var name="${assertItem}">117713944</var>
<kw name="Log" library="BuiltIn">
<arg>beofre Assert item:${assertItem}</arg>
<doc>Logs the given message with the given level.</doc>
<msg timestamp="20231009 22:19:40.113" level="INFO">beofre Assert item:117713944</msg>
<status status="PASS" starttime="20231009 22:19:40.113" endtime="20231009 22:19:40.113"/>
</kw>
<kw name="Convert To String" library="BuiltIn">
<var>${assertItem}</var>
<arg>${assertItem}</arg>
<doc>Converts the given item to a Unicode string.</doc>
<msg timestamp="20231009 22:19:40.113" level="INFO">${assertItem} = 117713944</msg>
<status status="PASS" starttime="20231009 22:19:40.113" endtime="20231009 22:19:40.113"/>
</kw>
<kw name="Should Contain" library="BuiltIn">
<arg>${response_json}</arg>
<arg>${assertItem}</arg>
<doc>Fails if ``container`` does not contain ``item`` one or more times.</doc>
<status status="PASS" starttime="20231009 22:19:40.113" endtime="20231009 22:19:40.113"/>
</kw>
<status status="PASS" starttime="20231009 22:19:40.113" endtime="20231009 22:19:40.113"/>
</iter>
<status status="PASS" starttime="20231009 22:19:40.097" endtime="20231009 22:19:40.113"/>
</for>
<kw name="Click" library="Browser">
<arg>button.tables</arg>
<tag>PageContent</tag>
<tag>Setter</tag>
<doc>Simulates mouse click on the element found by ``selector``.</doc>
<status status="PASS" starttime="20231009 22:19:40.113" endtime="20231009 22:19:40.150"/>
</kw>
<kw name="Evaluate" library="BuiltIn">
<var>${tIndex}</var>
<arg>${tIndex} + 1</arg>
<doc>Evaluates the given expression in Python and returns the result.</doc>
<msg timestamp="20231009 22:19:40.151" level="INFO">${tIndex} = 2</msg>
<status status="PASS" starttime="20231009 22:19:40.151" endtime="20231009 22:19:40.151"/>
</kw>
<status status="PASS" starttime="20231009 22:19:38.731" endtime="20231009 22:19:40.151"/>
</iter>
<iter>
<var name="${t_orderId}">//div[@class="popup-content"]/div[@table-id][@order-id] &gt;&gt; nth=1</var>
<kw name="Wait For Elements State" library="Browser">
<arg>(//div[@table-id][@order-id])[${tIndex}]</arg>
<arg>visible</arg>
<tag>PageContent</tag>
<tag>Wait</tag>
<doc>Waits for the element found by ``selector`` to satisfy state option.</doc>
<msg timestamp="20231009 22:19:40.367" level="INFO">Waited for Element with selector (//div[@table-id][@order-id])[2] at state visible</msg>
<status status="PASS" starttime="20231009 22:19:40.152" endtime="20231009 22:19:40.367"/>
</kw>
<kw name="Get Text" library="Browser">
<var>${order_table}</var>
<arg>(//div[@table-id][@order-id])[${tIndex}]</arg>
<tag>Assertion</tag>
<tag>Getter</tag>
<tag>PageContent</tag>
<doc>Returns text attribute of the element found by ``selector``.</doc>
<msg timestamp="20231009 22:19:40.384" level="INFO">Text: '36\n8,00'</msg>
<msg timestamp="20231009 22:19:40.384" level="INFO">${order_table} = 36
8,00</msg>
<status status="PASS" starttime="20231009 22:19:40.368" endtime="20231009 22:19:40.384"/>
</kw>
<kw name="Replace String" library="String">
<var>${order_table}</var>
<arg>${order_table}</arg>
<arg>\n</arg>
<arg>_</arg>
<doc>Replaces ``search_for`` in the given ``string`` with ``replace_with``.</doc>
<msg timestamp="20231009 22:19:40.384" level="INFO">${order_table} = 36_8,00</msg>
<status status="PASS" starttime="20231009 22:19:40.384" endtime="20231009 22:19:40.384"/>
</kw>
<kw name="Split String From Right" library="String">
<var>${tb}</var>
<var>${price}</var>
<arg>${order_table}</arg>
<arg>_</arg>
<doc>Splits the ``string`` using ``separator`` starting from right.</doc>
<msg timestamp="20231009 22:19:40.384" level="INFO">${tb} = 36</msg>
<msg timestamp="20231009 22:19:40.384" level="INFO">${price} = 8,00</msg>
<status status="PASS" starttime="20231009 22:19:40.384" endtime="20231009 22:19:40.384"/>
</kw>
<kw name="Convert To Integer" library="BuiltIn">
<var>${tb}</var>
<arg>${tb}</arg>
<arg>${None}</arg>
<doc>Converts the given item to an integer number.</doc>
<msg timestamp="20231009 22:19:40.385" level="INFO">${tb} = 36</msg>
<status status="PASS" starttime="20231009 22:19:40.384" endtime="20231009 22:19:40.385"/>
</kw>
<kw name="Click" library="Browser">
<arg>${t_orderId}</arg>
<tag>PageContent</tag>
<tag>Setter</tag>
<doc>Simulates mouse click on the element found by ``selector``.</doc>
<status status="PASS" starttime="20231009 22:19:40.385" endtime="20231009 22:19:40.632"/>
</kw>
<kw name="Sleep" library="BuiltIn">
<arg>1s</arg>
<doc>Pauses the test executed for the given time.</doc>
<msg timestamp="20231009 22:19:41.633" level="INFO">Slept 1 second</msg>
<status status="PASS" starttime="20231009 22:19:40.632" endtime="20231009 22:19:41.633"/>
</kw>
<kw name="Wait For Elements State" library="Browser">
<arg>div#pos-ticket&gt;h2[data-org]</arg>
<arg>visible</arg>
<tag>PageContent</tag>
<tag>Wait</tag>
<doc>Waits for the element found by ``selector`` to satisfy state option.</doc>
<msg timestamp="20231009 22:19:41.648" level="INFO">Waited for Element with selector div#pos-ticket&gt;h2[data-org] at state visible</msg>
<status status="PASS" starttime="20231009 22:19:41.633" endtime="20231009 22:19:41.648"/>
</kw>
<kw name="Get Text" library="Browser">
<var>${orderId}</var>
<arg>div#pos-ticket&gt;h2[data-org] &gt;span</arg>
<tag>Assertion</tag>
<tag>Getter</tag>
<tag>PageContent</tag>
<doc>Returns text attribute of the element found by ``selector``.</doc>
<msg timestamp="20231009 22:19:41.666" level="INFO">Text: '#115992741'</msg>
<msg timestamp="20231009 22:19:41.666" level="INFO">${orderId} = #115992741</msg>
<status status="PASS" starttime="20231009 22:19:41.648" endtime="20231009 22:19:41.666"/>
</kw>
<kw name="Get Text" library="Browser">
<var>${tableNum}</var>
<arg>//div[@id="pos-ticket"]/h2[text()][@data-org="Order"]</arg>
<tag>Assertion</tag>
<tag>Getter</tag>
<tag>PageContent</tag>
<doc>Returns text attribute of the element found by ``selector``.</doc>
<msg timestamp="20231009 22:19:41.680" level="INFO">Text: '36 #115992741'</msg>
<msg timestamp="20231009 22:19:41.680" level="INFO">${tableNum} = 36 #115992741</msg>
<status status="PASS" starttime="20231009 22:19:41.666" endtime="20231009 22:19:41.680"/>
</kw>
<kw name="Replace String" library="String">
<var>${orderId}</var>
<arg>${orderId}</arg>
<arg>\#</arg>
<arg>${EMPTY}</arg>
<doc>Replaces ``search_for`` in the given ``string`` with ``replace_with``.</doc>
<msg timestamp="20231009 22:19:41.680" level="INFO">${orderId} = 115992741</msg>
<status status="PASS" starttime="20231009 22:19:41.680" endtime="20231009 22:19:41.680"/>
</kw>
<kw name="Get Elements" library="Browser">
<var>@{menuItems}</var>
<arg>//tbody/tr[@data-i]</arg>
<tag>Getter</tag>
<tag>PageContent</tag>
<doc>Returns a reference to Playwright [https://playwright.dev/docs/api/class-locator|Locator]
for all matched elements by ``selector``.</doc>
<msg timestamp="20231009 22:19:41.684" level="INFO">Found Locator@//tbody/tr[@data-i] &gt;&gt; nth=0 Locators successfully.</msg>
<msg timestamp="20231009 22:19:41.684" level="INFO">@{menuItems} = [ //tbody/tr[@data-i] &gt;&gt; nth=0 ]</msg>
<status status="PASS" starttime="20231009 22:19:41.680" endtime="20231009 22:19:41.684"/>
</kw>
<kw name="Evaluate" library="BuiltIn">
<var>${iData}</var>
<arg>0</arg>
<doc>Evaluates the given expression in Python and returns the result.</doc>
<msg timestamp="20231009 22:19:41.684" level="INFO">${iData} = 0</msg>
<status status="PASS" starttime="20231009 22:19:41.684" endtime="20231009 22:19:41.684"/>
</kw>
<for flavor="IN">
<var>${menuItem}</var>
<value>@{menuItems}</value>
<iter>
<var name="${menuItem}">//tbody/tr[@data-i] &gt;&gt; nth=0</var>
<kw name="Get Attribute" library="Browser">
<var>${item_quantity}</var>
<arg>//tbody/tr[@data-i="${iData}"]/td[1]/input</arg>
<arg>value</arg>
<tag>Assertion</tag>
<tag>Getter</tag>
<tag>PageContent</tag>
<doc>Returns the HTML ``attribute`` of the element found by ``selector``.</doc>
<msg timestamp="20231009 22:19:41.695" level="INFO">Attribute is: '2'</msg>
<msg timestamp="20231009 22:19:41.695" level="INFO">${item_quantity} = 2</msg>
<status status="PASS" starttime="20231009 22:19:41.684" endtime="20231009 22:19:41.695"/>
</kw>
<kw name="Convert To Integer" library="BuiltIn">
<var>${item_quantity}</var>
<arg>${item_quantity}</arg>
<arg>${None}</arg>
<doc>Converts the given item to an integer number.</doc>
<msg timestamp="20231009 22:19:41.695" level="INFO">${item_quantity} = 2</msg>
<status status="PASS" starttime="20231009 22:19:41.695" endtime="20231009 22:19:41.695"/>
</kw>
<kw name="Get Text" library="Browser">
<var>${item_name}</var>
<arg>//tr[@data-i="${iData}"]/td[@class="desc"]</arg>
<tag>Assertion</tag>
<tag>Getter</tag>
<tag>PageContent</tag>
<doc>Returns text attribute of the element found by ``selector``.</doc>
<msg timestamp="20231009 22:19:41.700" level="INFO">Text: 'Tap Beer(Heineken)\n'</msg>
<msg timestamp="20231009 22:19:41.711" level="INFO">${item_name} = Tap Beer(Heineken)
</msg>
<status status="PASS" starttime="20231009 22:19:41.695" endtime="20231009 22:19:41.711"/>
</kw>
<kw name="Replace String" library="String">
<var>${item_name}</var>
<arg>${item_name}</arg>
<arg>\n</arg>
<arg>${EMPTY}</arg>
<doc>Replaces ``search_for`` in the given ``string`` with ``replace_with``.</doc>
<msg timestamp="20231009 22:19:41.711" level="INFO">${item_name} = Tap Beer(Heineken)</msg>
<status status="PASS" starttime="20231009 22:19:41.711" endtime="20231009 22:19:41.711"/>
</kw>
<kw name="Get Text" library="Browser">
<var>${item_price}</var>
<arg>//tr[@data-i="${iData}"]/td[@class="price"]</arg>
<tag>Assertion</tag>
<tag>Getter</tag>
<tag>PageContent</tag>
<doc>Returns text attribute of the element found by ``selector``.</doc>
<msg timestamp="20231009 22:19:41.711" level="INFO">Text: '€ 8,00'</msg>
<msg timestamp="20231009 22:19:41.711" level="INFO">${item_price} = € 8,00</msg>
<status status="PASS" starttime="20231009 22:19:41.711" endtime="20231009 22:19:41.711"/>
</kw>
<kw name="Create Dictionary" library="BuiltIn">
<var>&amp;{order_set}</var>
<arg>orderNo=${orderId}</arg>
<arg>tableNo=${tb}</arg>
<arg>quantity=${item_quantity}</arg>
<arg>itemName=${item_name}</arg>
<arg>itemCategory=starters</arg>
<arg>rank=3</arg>
<arg>uuid=null</arg>
<arg>itemStatus=open</arg>
<doc>Creates and returns a dictionary based on the given ``items``.</doc>
<msg timestamp="20231009 22:19:41.711" level="INFO">&amp;{order_set} = { orderNo=115992741 | tableNo=36 | quantity=2 | itemName=Tap Beer(Heineken) | itemCategory=starters | rank=3 | uuid=null | itemStatus=open }</msg>
<status status="PASS" starttime="20231009 22:19:41.711" endtime="20231009 22:19:41.711"/>
</kw>
<kw name="Log" library="BuiltIn">
<arg>Fetch generated dictionary data:&gt;&gt;&gt;&gt;${order_set}</arg>
<doc>Logs the given message with the given level.</doc>
<msg timestamp="20231009 22:19:41.711" level="INFO">Fetch generated dictionary data:&gt;&gt;&gt;&gt;{'orderNo': '115992741', 'tableNo': 36, 'quantity': 2, 'itemName': 'Tap Beer(Heineken)', 'itemCategory': 'starters', 'rank': '3', 'uuid': 'null', 'itemStatus': 'open'}</msg>
<status status="PASS" starttime="20231009 22:19:41.711" endtime="20231009 22:19:41.711"/>
</kw>
<kw name="Append To List" library="Collections">
<arg>${TABLE_ORDERS}</arg>
<arg>${order_set}</arg>
<doc>Adds ``values`` to the end of ``list``.</doc>
<status status="PASS" starttime="20231009 22:19:41.711" endtime="20231009 22:19:41.711"/>
</kw>
<kw name="Log" library="BuiltIn">
<arg>After add dict to list:${TABLE_ORDERS}</arg>
<doc>Logs the given message with the given level.</doc>
<msg timestamp="20231009 22:19:41.711" level="INFO">After add dict to list:[{'orderNo': '117713944', 'tableNo': 28, 'quantity': 1, 'itemName': 'Chole Bhature', 'itemCategory': 'starters', 'rank': '3', 'uuid': 'null', 'itemStatus': 'open'}, {'orderNo': '117713944', 'tableNo': 28, 'quantity': 1, 'itemName': 'Dal Makhni', 'itemCategory': 'starters', 'rank': '3', 'uuid': 'null', 'itemStatus': 'open'}, {'orderNo': '117713944', 'tableNo': 28, 'quantity': 1, 'itemName': 'Tomato Chilly Uthappam', 'itemCategory': 'starters', 'rank': '3', 'uuid': 'null', 'itemStatus': 'open'}, {'orderNo': '115992741', 'tableNo': 36, 'quantity': 2, 'itemName': 'Tap Beer(Heineken)', 'itemCategory': 'starters', 'rank': '3', 'uuid': 'null', 'itemStatus': 'open'}]</msg>
<status status="PASS" starttime="20231009 22:19:41.711" endtime="20231009 22:19:41.711"/>
</kw>
<kw name="Append To List" library="Collections">
<arg>${ITEMNAMES_SUBSET_TABLEORDERS}</arg>
<arg>${item_name}</arg>
<arg>${orderId}</arg>
<doc>Adds ``values`` to the end of ``list``.</doc>
<status status="PASS" starttime="20231009 22:19:41.711" endtime="20231009 22:19:41.711"/>
</kw>
<kw name="Evaluate" library="BuiltIn">
<var>${iData}</var>
<arg>${iData} + 1</arg>
<doc>Evaluates the given expression in Python and returns the result.</doc>
<msg timestamp="20231009 22:19:41.711" level="INFO">${iData} = 1</msg>
<status status="PASS" starttime="20231009 22:19:41.711" endtime="20231009 22:19:41.711"/>
</kw>
<status status="PASS" starttime="20231009 22:19:41.684" endtime="20231009 22:19:41.711"/>
</iter>
<status status="PASS" starttime="20231009 22:19:41.684" endtime="20231009 22:19:41.711"/>
</for>
<kw name="Create Session" library="RequestsLibrary">
<arg>ordersession</arg>
<arg>${APIURL}</arg>
<doc>Create Session: create a HTTP session to a server</doc>
<msg timestamp="20231009 22:19:41.711" level="INFO">Creating Session using : alias=ordersession, url=http://92.70.63.97:1880, headers={},                     cookies={}, auth=None, timeout=None, proxies=None, verify=False,                     debug=0 </msg>
<status status="PASS" starttime="20231009 22:19:41.711" endtime="20231009 22:19:41.711"/>
</kw>
<kw name="Create Dictionary" library="BuiltIn">
<var>${headers}</var>
<arg>Content-Type=application/json</arg>
<doc>Creates and returns a dictionary based on the given ``items``.</doc>
<msg timestamp="20231009 22:19:41.711" level="INFO">${headers} = {'Content-Type': 'application/json'}</msg>
<status status="PASS" starttime="20231009 22:19:41.711" endtime="20231009 22:19:41.711"/>
</kw>
<kw name="POST On Session" library="RequestsLibrary">
<var>${response}</var>
<arg>ordersession</arg>
<arg>${endpoint}</arg>
<arg>json=${TABLE_ORDERS}</arg>
<arg>headers=${headers}</arg>
<doc>Sends a POST request on a previously created HTTP Session.</doc>
<msg timestamp="20231009 22:19:41.789" level="INFO">POST Request : url=http://92.70.63.97:1880/openOrders 
 path_url=/openOrders 
 headers={'User-Agent': 'python-requests/2.31.0', 'Accept-Encoding': 'gzip, deflate', 'Accept': '*/*', 'Connection': 'keep-alive', 'Content-Type': 'application/json', 'Content-Length': '667'} 
 body=b'[{"orderNo": "117713944", "tableNo": 28, "quantity": 1, "itemName": "Chole Bhature", "itemCategory": "starters", "rank": "3", "uuid": "null", "itemStatus": "open"}, {"orderNo": "117713944", "tableNo": 28, "quantity": 1, "itemName": "Dal Makhni", "itemCategory": "starters", "rank": "3", "uuid": "null", "itemStatus": "open"}, {"orderNo": "117713944", "tableNo": 28, "quantity": 1, "itemName": "Tomato Chilly Uthappam", "itemCategory": "starters", "rank": "3", "uuid": "null", "itemStatus": "open"}, {"orderNo": "115992741", "tableNo": 36, "quantity": 2, "itemName": "Tap Beer(Heineken)", "itemCategory": "starters", "rank": "3", "uuid": "null", "itemStatus": "open"}]' 
 </msg>
<msg timestamp="20231009 22:19:41.789" level="INFO">POST Response : url=http://92.70.63.97:1880/openOrders 
 status=200, reason=OK 
 headers={'Access-Control-Allow-Origin': '*', 'X-Content-Type-Options': 'nosniff', 'Content-Type': 'application/json; charset=utf-8', 'Content-Length': '604', 'ETag': 'W/"25c-antECo8NxrSjbsDgfahprdfTBSY"', 'Vary': 'Accept-Encoding', 'Date': 'Mon, 09 Oct 2023 20:19:41 GMT', 'Connection': 'keep-alive', 'Keep-Alive': 'timeout=5'} 
 body=[{"orderNo":"117713944","tableNo":28,"quantity":1,"itemName":"Chole Bhature","itemCategory":"starters","rank":"3","uuid":"null","itemStatus":"open"},{"orderNo":"117713944","tableNo":28,"quantity":1,"itemName":"Dal Makhni","itemCategory":"starters","rank":"3","uuid":"null","itemStatus":"open"},{"orderNo":"117713944","tableNo":28,"quantity":1,"itemName":"Tomato Chilly Uthappam","itemCategory":"starters","rank":"3","uuid":"null","itemStatus":"open"},{"orderNo":"115992741","tableNo":36,"quantity":2,"itemName":"Tap Beer(Heineken)","itemCategory":"starters","rank":"3","uuid":"null","itemStatus":"open"}] 
 </msg>
<msg timestamp="20231009 22:19:41.789" level="INFO">${response} = &lt;Response [200]&gt;</msg>
<status status="PASS" starttime="20231009 22:19:41.711" endtime="20231009 22:19:41.789"/>
</kw>
<kw name="Log" library="BuiltIn">
<arg>Get response POST call status code':${response.status_code}'</arg>
<doc>Logs the given message with the given level.</doc>
<msg timestamp="20231009 22:19:41.791" level="INFO">Get response POST call status code':200'</msg>
<status status="PASS" starttime="20231009 22:19:41.789" endtime="20231009 22:19:41.791"/>
</kw>
<kw name="Log" library="BuiltIn">
<arg>Retrieve JSON response&lt;&lt;${response.content}&gt;&gt;</arg>
<doc>Logs the given message with the given level.</doc>
<msg timestamp="20231009 22:19:41.793" level="INFO">Retrieve JSON response&lt;&lt;[{"orderNo":"117713944","tableNo":28,"quantity":1,"itemName":"Chole Bhature","itemCategory":"starters","rank":"3","uuid":"null","itemStatus":"open"},{"orderNo":"117713944","tableNo":28,"quantity":1,"itemName":"Dal Makhni","itemCategory":"starters","rank":"3","uuid":"null","itemStatus":"open"},{"orderNo":"117713944","tableNo":28,"quantity":1,"itemName":"Tomato Chilly Uthappam","itemCategory":"starters","rank":"3","uuid":"null","itemStatus":"open"},{"orderNo":"115992741","tableNo":36,"quantity":2,"itemName":"Tap Beer(Heineken)","itemCategory":"starters","rank":"3","uuid":"null","itemStatus":"open"}]&gt;&gt;</msg>
<status status="PASS" starttime="20231009 22:19:41.792" endtime="20231009 22:19:41.793"/>
</kw>
<kw name="Convert To String" library="BuiltIn">
<var>${res_status_code}</var>
<arg>${response.status_code}</arg>
<doc>Converts the given item to a Unicode string.</doc>
<msg timestamp="20231009 22:19:41.794" level="INFO">${res_status_code} = 200</msg>
<status status="PASS" starttime="20231009 22:19:41.793" endtime="20231009 22:19:41.794"/>
</kw>
<kw name="Should Be Equal" library="BuiltIn">
<arg>${res_status_code}</arg>
<arg>200</arg>
<doc>Fails if the given objects are unequal.</doc>
<status status="PASS" starttime="20231009 22:19:41.794" endtime="20231009 22:19:41.794"/>
</kw>
<kw name="Convert To String" library="BuiltIn">
<var>${response_json}</var>
<arg>${response.content}</arg>
<doc>Converts the given item to a Unicode string.</doc>
<msg timestamp="20231009 22:19:41.795" level="INFO">${response_json} = [{"orderNo":"117713944","tableNo":28,"quantity":1,"itemName":"Chole Bhature","itemCategory":"starters","rank":"3","uuid":"null","itemStatus":"open"},{"orderNo":"117713944","tableNo":28,"quantity":1,"i...</msg>
<status status="PASS" starttime="20231009 22:19:41.794" endtime="20231009 22:19:41.795"/>
</kw>
<for flavor="IN">
<var>${assertItem}</var>
<value>@{ITEMNAMES_SUBSET_TABLEORDERS}</value>
<iter>
<var name="${assertItem}"/>
<kw name="Log" library="BuiltIn">
<arg>beofre Assert item:${assertItem}</arg>
<doc>Logs the given message with the given level.</doc>
<msg timestamp="20231009 22:19:41.796" level="INFO">beofre Assert item:</msg>
<status status="PASS" starttime="20231009 22:19:41.796" endtime="20231009 22:19:41.796"/>
</kw>
<kw name="Convert To String" library="BuiltIn">
<var>${assertItem}</var>
<arg>${assertItem}</arg>
<doc>Converts the given item to a Unicode string.</doc>
<msg timestamp="20231009 22:19:41.796" level="INFO">${assertItem} = </msg>
<status status="PASS" starttime="20231009 22:19:41.796" endtime="20231009 22:19:41.796"/>
</kw>
<kw name="Should Contain" library="BuiltIn">
<arg>${response_json}</arg>
<arg>${assertItem}</arg>
<doc>Fails if ``container`` does not contain ``item`` one or more times.</doc>
<status status="PASS" starttime="20231009 22:19:41.796" endtime="20231009 22:19:41.797"/>
</kw>
<status status="PASS" starttime="20231009 22:19:41.795" endtime="20231009 22:19:41.797"/>
</iter>
<iter>
<var name="${assertItem}">Chole Bhature</var>
<kw name="Log" library="BuiltIn">
<arg>beofre Assert item:${assertItem}</arg>
<doc>Logs the given message with the given level.</doc>
<msg timestamp="20231009 22:19:41.797" level="INFO">beofre Assert item:Chole Bhature</msg>
<status status="PASS" starttime="20231009 22:19:41.797" endtime="20231009 22:19:41.797"/>
</kw>
<kw name="Convert To String" library="BuiltIn">
<var>${assertItem}</var>
<arg>${assertItem}</arg>
<doc>Converts the given item to a Unicode string.</doc>
<msg timestamp="20231009 22:19:41.797" level="INFO">${assertItem} = Chole Bhature</msg>
<status status="PASS" starttime="20231009 22:19:41.797" endtime="20231009 22:19:41.797"/>
</kw>
<kw name="Should Contain" library="BuiltIn">
<arg>${response_json}</arg>
<arg>${assertItem}</arg>
<doc>Fails if ``container`` does not contain ``item`` one or more times.</doc>
<status status="PASS" starttime="20231009 22:19:41.797" endtime="20231009 22:19:41.797"/>
</kw>
<status status="PASS" starttime="20231009 22:19:41.797" endtime="20231009 22:19:41.797"/>
</iter>
<iter>
<var name="${assertItem}">117713944</var>
<kw name="Log" library="BuiltIn">
<arg>beofre Assert item:${assertItem}</arg>
<doc>Logs the given message with the given level.</doc>
<msg timestamp="20231009 22:19:41.798" level="INFO">beofre Assert item:117713944</msg>
<status status="PASS" starttime="20231009 22:19:41.797" endtime="20231009 22:19:41.798"/>
</kw>
<kw name="Convert To String" library="BuiltIn">
<var>${assertItem}</var>
<arg>${assertItem}</arg>
<doc>Converts the given item to a Unicode string.</doc>
<msg timestamp="20231009 22:19:41.798" level="INFO">${assertItem} = 117713944</msg>
<status status="PASS" starttime="20231009 22:19:41.798" endtime="20231009 22:19:41.798"/>
</kw>
<kw name="Should Contain" library="BuiltIn">
<arg>${response_json}</arg>
<arg>${assertItem}</arg>
<doc>Fails if ``container`` does not contain ``item`` one or more times.</doc>
<status status="PASS" starttime="20231009 22:19:41.798" endtime="20231009 22:19:41.798"/>
</kw>
<status status="PASS" starttime="20231009 22:19:41.797" endtime="20231009 22:19:41.798"/>
</iter>
<iter>
<var name="${assertItem}">Dal Makhni</var>
<kw name="Log" library="BuiltIn">
<arg>beofre Assert item:${assertItem}</arg>
<doc>Logs the given message with the given level.</doc>
<msg timestamp="20231009 22:19:41.798" level="INFO">beofre Assert item:Dal Makhni</msg>
<status status="PASS" starttime="20231009 22:19:41.798" endtime="20231009 22:19:41.798"/>
</kw>
<kw name="Convert To String" library="BuiltIn">
<var>${assertItem}</var>
<arg>${assertItem}</arg>
<doc>Converts the given item to a Unicode string.</doc>
<msg timestamp="20231009 22:19:41.798" level="INFO">${assertItem} = Dal Makhni</msg>
<status status="PASS" starttime="20231009 22:19:41.798" endtime="20231009 22:19:41.798"/>
</kw>
<kw name="Should Contain" library="BuiltIn">
<arg>${response_json}</arg>
<arg>${assertItem}</arg>
<doc>Fails if ``container`` does not contain ``item`` one or more times.</doc>
<status status="PASS" starttime="20231009 22:19:41.799" endtime="20231009 22:19:41.799"/>
</kw>
<status status="PASS" starttime="20231009 22:19:41.798" endtime="20231009 22:19:41.799"/>
</iter>
<iter>
<var name="${assertItem}">117713944</var>
<kw name="Log" library="BuiltIn">
<arg>beofre Assert item:${assertItem}</arg>
<doc>Logs the given message with the given level.</doc>
<msg timestamp="20231009 22:19:41.799" level="INFO">beofre Assert item:117713944</msg>
<status status="PASS" starttime="20231009 22:19:41.799" endtime="20231009 22:19:41.799"/>
</kw>
<kw name="Convert To String" library="BuiltIn">
<var>${assertItem}</var>
<arg>${assertItem}</arg>
<doc>Converts the given item to a Unicode string.</doc>
<msg timestamp="20231009 22:19:41.799" level="INFO">${assertItem} = 117713944</msg>
<status status="PASS" starttime="20231009 22:19:41.799" endtime="20231009 22:19:41.799"/>
</kw>
<kw name="Should Contain" library="BuiltIn">
<arg>${response_json}</arg>
<arg>${assertItem}</arg>
<doc>Fails if ``container`` does not contain ``item`` one or more times.</doc>
<status status="PASS" starttime="20231009 22:19:41.799" endtime="20231009 22:19:41.800"/>
</kw>
<status status="PASS" starttime="20231009 22:19:41.799" endtime="20231009 22:19:41.800"/>
</iter>
<iter>
<var name="${assertItem}">Tomato Chilly Uthappam</var>
<kw name="Log" library="BuiltIn">
<arg>beofre Assert item:${assertItem}</arg>
<doc>Logs the given message with the given level.</doc>
<msg timestamp="20231009 22:19:41.801" level="INFO">beofre Assert item:Tomato Chilly Uthappam</msg>
<status status="PASS" starttime="20231009 22:19:41.801" endtime="20231009 22:19:41.801"/>
</kw>
<kw name="Convert To String" library="BuiltIn">
<var>${assertItem}</var>
<arg>${assertItem}</arg>
<doc>Converts the given item to a Unicode string.</doc>
<msg timestamp="20231009 22:19:41.801" level="INFO">${assertItem} = Tomato Chilly Uthappam</msg>
<status status="PASS" starttime="20231009 22:19:41.801" endtime="20231009 22:19:41.801"/>
</kw>
<kw name="Should Contain" library="BuiltIn">
<arg>${response_json}</arg>
<arg>${assertItem}</arg>
<doc>Fails if ``container`` does not contain ``item`` one or more times.</doc>
<status status="PASS" starttime="20231009 22:19:41.801" endtime="20231009 22:19:41.801"/>
</kw>
<status status="PASS" starttime="20231009 22:19:41.800" endtime="20231009 22:19:41.801"/>
</iter>
<iter>
<var name="${assertItem}">117713944</var>
<kw name="Log" library="BuiltIn">
<arg>beofre Assert item:${assertItem}</arg>
<doc>Logs the given message with the given level.</doc>
<msg timestamp="20231009 22:19:41.801" level="INFO">beofre Assert item:117713944</msg>
<status status="PASS" starttime="20231009 22:19:41.801" endtime="20231009 22:19:41.801"/>
</kw>
<kw name="Convert To String" library="BuiltIn">
<var>${assertItem}</var>
<arg>${assertItem}</arg>
<doc>Converts the given item to a Unicode string.</doc>
<msg timestamp="20231009 22:19:41.801" level="INFO">${assertItem} = 117713944</msg>
<status status="PASS" starttime="20231009 22:19:41.801" endtime="20231009 22:19:41.801"/>
</kw>
<kw name="Should Contain" library="BuiltIn">
<arg>${response_json}</arg>
<arg>${assertItem}</arg>
<doc>Fails if ``container`` does not contain ``item`` one or more times.</doc>
<status status="PASS" starttime="20231009 22:19:41.801" endtime="20231009 22:19:41.801"/>
</kw>
<status status="PASS" starttime="20231009 22:19:41.801" endtime="20231009 22:19:41.801"/>
</iter>
<iter>
<var name="${assertItem}">Tap Beer(Heineken)</var>
<kw name="Log" library="BuiltIn">
<arg>beofre Assert item:${assertItem}</arg>
<doc>Logs the given message with the given level.</doc>
<msg timestamp="20231009 22:19:41.801" level="INFO">beofre Assert item:Tap Beer(Heineken)</msg>
<status status="PASS" starttime="20231009 22:19:41.801" endtime="20231009 22:19:41.801"/>
</kw>
<kw name="Convert To String" library="BuiltIn">
<var>${assertItem}</var>
<arg>${assertItem}</arg>
<doc>Converts the given item to a Unicode string.</doc>
<msg timestamp="20231009 22:19:41.801" level="INFO">${assertItem} = Tap Beer(Heineken)</msg>
<status status="PASS" starttime="20231009 22:19:41.801" endtime="20231009 22:19:41.801"/>
</kw>
<kw name="Should Contain" library="BuiltIn">
<arg>${response_json}</arg>
<arg>${assertItem}</arg>
<doc>Fails if ``container`` does not contain ``item`` one or more times.</doc>
<status status="PASS" starttime="20231009 22:19:41.801" endtime="20231009 22:19:41.801"/>
</kw>
<status status="PASS" starttime="20231009 22:19:41.801" endtime="20231009 22:19:41.801"/>
</iter>
<iter>
<var name="${assertItem}">115992741</var>
<kw name="Log" library="BuiltIn">
<arg>beofre Assert item:${assertItem}</arg>
<doc>Logs the given message with the given level.</doc>
<msg timestamp="20231009 22:19:41.801" level="INFO">beofre Assert item:115992741</msg>
<status status="PASS" starttime="20231009 22:19:41.801" endtime="20231009 22:19:41.801"/>
</kw>
<kw name="Convert To String" library="BuiltIn">
<var>${assertItem}</var>
<arg>${assertItem}</arg>
<doc>Converts the given item to a Unicode string.</doc>
<msg timestamp="20231009 22:19:41.801" level="INFO">${assertItem} = 115992741</msg>
<status status="PASS" starttime="20231009 22:19:41.801" endtime="20231009 22:19:41.801"/>
</kw>
<kw name="Should Contain" library="BuiltIn">
<arg>${response_json}</arg>
<arg>${assertItem}</arg>
<doc>Fails if ``container`` does not contain ``item`` one or more times.</doc>
<status status="PASS" starttime="20231009 22:19:41.801" endtime="20231009 22:19:41.801"/>
</kw>
<status status="PASS" starttime="20231009 22:19:41.801" endtime="20231009 22:19:41.801"/>
</iter>
<status status="PASS" starttime="20231009 22:19:41.795" endtime="20231009 22:19:41.801"/>
</for>
<kw name="Click" library="Browser">
<arg>button.tables</arg>
<tag>PageContent</tag>
<tag>Setter</tag>
<doc>Simulates mouse click on the element found by ``selector``.</doc>
<status status="PASS" starttime="20231009 22:19:41.801" endtime="20231009 22:19:41.846"/>
</kw>
<kw name="Evaluate" library="BuiltIn">
<var>${tIndex}</var>
<arg>${tIndex} + 1</arg>
<doc>Evaluates the given expression in Python and returns the result.</doc>
<msg timestamp="20231009 22:19:41.846" level="INFO">${tIndex} = 3</msg>
<status status="PASS" starttime="20231009 22:19:41.846" endtime="20231009 22:19:41.846"/>
</kw>
<status status="PASS" starttime="20231009 22:19:40.151" endtime="20231009 22:19:41.846"/>
</iter>
<status status="PASS" starttime="20231009 22:19:38.731" endtime="20231009 22:19:41.846"/>
</for>
<kw name="Click" library="Browser">
<arg>//div[contains(@class, "popup popup-tables")]//button[@class="popup-close-x"]</arg>
<tag>PageContent</tag>
<tag>Setter</tag>
<doc>Simulates mouse click on the element found by ``selector``.</doc>
<status status="PASS" starttime="20231009 22:19:41.847" endtime="20231009 22:19:42.330"/>
</kw>
<status status="PASS" starttime="20231009 22:19:28.620" endtime="20231009 22:19:42.330"/>
</kw>
<kw name="Log" library="BuiltIn">
<arg>Waiterbuddy Execution-done!</arg>
<doc>Logs the given message with the given level.</doc>
<msg timestamp="20231009 22:19:42.331" level="INFO">Waiterbuddy Execution-done!</msg>
<status status="PASS" starttime="20231009 22:19:42.331" endtime="20231009 22:19:42.331"/>
</kw>
<kw name="As a &quot;Admin&quot; I want to close the browser" library="KitchenBuddy" type="TEARDOWN" sourcename="As a &quot;${ADMIN}&quot; I want to close the browser">
<tag>logout</tag>
<doc>this keyword ensures that browser is closed after all tests</doc>
<kw name="Take Screenshot" library="Browser">
<tag>PageContent</tag>
<doc>Takes a screenshot of the current window or element and saves it to disk.</doc>
<msg timestamp="20231009 22:19:42.419" level="INFO" html="true">&lt;/td&gt;&lt;/tr&gt;&lt;tr&gt;&lt;td colspan="3"&gt;&lt;a href="browser/screenshot/robotframework-browser-screenshot-2.png" target="_blank"&gt;&lt;img src="browser/screenshot/robotframework-browser-screenshot-2.png" width="800px"/&gt;&lt;/a&gt;</msg>
<status status="PASS" starttime="20231009 22:19:42.332" endtime="20231009 22:19:42.419"/>
</kw>
<kw name="Close Browser" library="Browser">
<tag>BrowserControl</tag>
<tag>Setter</tag>
<doc>Closes the current browser.</doc>
<msg timestamp="20231009 22:19:42.460" level="INFO">Closed browser</msg>
<status status="PASS" starttime="20231009 22:19:42.419" endtime="20231009 22:19:42.460"/>
</kw>
<status status="PASS" starttime="20231009 22:19:42.332" endtime="20231009 22:19:42.460"/>
</kw>
<doc>Fetch customer orders</doc>
<tag>regression</tag>
<tag>smoke</tag>
<status status="PASS" starttime="20231009 22:19:21.795" endtime="20231009 22:19:42.460"/>
</test>
<doc>As an administrator I have ability to create orders using Waiterbuddy portal.
For Example: In this scenario open the portal and fetch customer orders and then check given order in ready state.</doc>
<status status="PASS" starttime="20231009 22:19:20.793" endtime="20231009 22:19:42.480"/>
</suite>
<statistics>
<total>
<stat pass="1" fail="0" skip="0">All Tests</stat>
</total>
<tag>
<stat pass="1" fail="0" skip="0">regression</stat>
<stat pass="1" fail="0" skip="0">smoke</stat>
</tag>
<suite>
<stat pass="1" fail="0" skip="0" id="s1" name="OrderList">OrderList</stat>
</suite>
</statistics>
<errors>
</errors>
</robot>
